2018-09-27 15:07:29.477  INFO 208532 --- [restartedMain] com.example.demo.DemoApplication         : Starting DemoApplication on ZX13329L5NSNSN2 with PID 208532 (D:\ideaProject\spring-boot-demo\demo\target\classes started by lbs13329 in D:\ideaProject\spring-boot-demo\demo)
2018-09-27 15:07:29.477  INFO 208532 --- [restartedMain] com.example.demo.DemoApplication         : No active profile set, falling back to default profiles: default
2018-09-27 15:07:29.477  INFO 208532 --- [restartedMain] ConfigServletWebServerApplicationContext : Refreshing org.springframework.boot.web.servlet.context.AnnotationConfigServletWebServerApplicationContext@5c3532a4: startup date [Thu Sep 27 15:07:29 CST 2018]; root of context hierarchy
2018-09-27 15:07:29.680  INFO 208532 --- [restartedMain] o.s.b.w.embedded.tomcat.TomcatWebServer  : Tomcat initialized with port(s): 8080 (http)
2018-09-27 15:07:29.680  INFO 208532 --- [restartedMain] o.apache.catalina.core.StandardService   : Starting service [Tomcat]
2018-09-27 15:07:29.680  INFO 208532 --- [restartedMain] org.apache.catalina.core.StandardEngine  : Starting Servlet Engine: Apache Tomcat/8.5.34
2018-09-27 15:07:29.696  INFO 208532 --- [localhost-startStop-1] o.a.c.c.C.[Tomcat-2].[localhost].[/]     : Initializing Spring embedded WebApplicationContext
2018-09-27 15:07:29.696  INFO 208532 --- [localhost-startStop-1] o.s.web.context.ContextLoader            : Root WebApplicationContext: initialization completed in 219 ms
2018-09-27 15:07:29.711  INFO 208532 --- [localhost-startStop-1] o.s.b.w.servlet.FilterRegistrationBean   : Mapping filter: 'characterEncodingFilter' to: [/*]
2018-09-27 15:07:29.711  INFO 208532 --- [localhost-startStop-1] o.s.b.w.servlet.FilterRegistrationBean   : Mapping filter: 'hiddenHttpMethodFilter' to: [/*]
2018-09-27 15:07:29.711  INFO 208532 --- [localhost-startStop-1] o.s.b.w.servlet.FilterRegistrationBean   : Mapping filter: 'httpPutFormContentFilter' to: [/*]
2018-09-27 15:07:29.711  INFO 208532 --- [localhost-startStop-1] o.s.b.w.servlet.FilterRegistrationBean   : Mapping filter: 'requestContextFilter' to: [/*]
2018-09-27 15:07:29.711  INFO 208532 --- [localhost-startStop-1] o.s.b.w.servlet.FilterRegistrationBean   : Mapping filter: 'MyFilter' to urls: [/*]
2018-09-27 15:07:29.711  INFO 208532 --- [localhost-startStop-1] o.s.b.w.servlet.FilterRegistrationBean   : Mapping filter: 'remotelpFilter' to: [/*]
2018-09-27 15:07:29.711  INFO 208532 --- [localhost-startStop-1] o.s.b.w.servlet.ServletRegistrationBean  : Servlet dispatcherServlet mapped to [/]
2018-09-27 15:07:29.727  INFO 208532 --- [restartedMain] o.s.w.s.handler.SimpleUrlHandlerMapping  : Mapped URL path [/**/favicon.ico] onto handler of type [class org.springframework.web.servlet.resource.ResourceHttpRequestHandler]
2018-09-27 15:07:29.742  INFO 208532 --- [restartedMain] s.w.s.m.m.a.RequestMappingHandlerAdapter : Looking for @ControllerAdvice: org.springframework.boot.web.servlet.context.AnnotationConfigServletWebServerApplicationContext@5c3532a4: startup date [Thu Sep 27 15:07:29 CST 2018]; root of context hierarchy
2018-09-27 15:07:29.742  INFO 208532 --- [restartedMain] s.w.s.m.m.a.RequestMappingHandlerMapping : Mapped "{[/hello]}" onto public java.lang.String com.example.demo.controller.login.LoginController.index()
2018-09-27 15:07:29.758  INFO 208532 --- [restartedMain] s.w.s.m.m.a.RequestMappingHandlerMapping : Mapped "{[/error]}" onto public org.springframework.http.ResponseEntity<java.util.Map<java.lang.String, java.lang.Object>> org.springframework.boot.autoconfigure.web.servlet.error.BasicErrorController.error(javax.servlet.http.HttpServletRequest)
2018-09-27 15:07:29.758  INFO 208532 --- [restartedMain] s.w.s.m.m.a.RequestMappingHandlerMapping : Mapped "{[/error],produces=[text/html]}" onto public org.springframework.web.servlet.ModelAndView org.springframework.boot.autoconfigure.web.servlet.error.BasicErrorController.errorHtml(javax.servlet.http.HttpServletRequest,javax.servlet.http.HttpServletResponse)
2018-09-27 15:07:29.758  INFO 208532 --- [restartedMain] o.s.w.s.handler.SimpleUrlHandlerMapping  : Mapped URL path [/webjars/**] onto handler of type [class org.springframework.web.servlet.resource.ResourceHttpRequestHandler]
2018-09-27 15:07:29.758  INFO 208532 --- [restartedMain] o.s.w.s.handler.SimpleUrlHandlerMapping  : Mapped URL path [/**] onto handler of type [class org.springframework.web.servlet.resource.ResourceHttpRequestHandler]
2018-09-27 15:07:29.774  WARN 208532 --- [restartedMain] o.s.b.d.a.OptionalLiveReloadServer       : Unable to start LiveReload server
2018-09-27 15:07:29.789  INFO 208532 --- [restartedMain] o.s.j.e.a.AnnotationMBeanExporter        : Registering beans for JMX exposure on startup
2018-09-27 15:07:29.789  INFO 208532 --- [restartedMain] o.s.b.w.embedded.tomcat.TomcatWebServer  : Tomcat started on port(s): 8080 (http) with context path ''
2018-09-27 15:07:29.789  INFO 208532 --- [restartedMain] com.example.demo.DemoApplication         : Started DemoApplication in 0.359 seconds (JVM running for 2017.738)
2018-09-27 15:07:29.789  INFO 208532 --- [restartedMain] .ConditionEvaluationDeltaLoggingListener : Condition evaluation unchanged
2018-09-27 15:07:38.201  INFO 208532 --- [http-nio-8080-exec-3] o.a.c.c.C.[Tomcat-2].[localhost].[/]     : Initializing Spring FrameworkServlet 'dispatcherServlet'
2018-09-27 15:07:38.201  INFO 208532 --- [http-nio-8080-exec-3] o.s.web.servlet.DispatcherServlet        : FrameworkServlet 'dispatcherServlet': initialization started
2018-09-27 15:07:38.204  INFO 208532 --- [http-nio-8080-exec-3] o.s.web.servlet.DispatcherServlet        : FrameworkServlet 'dispatcherServlet': initialization completed in 3 ms
2018-09-27 15:07:38.205  INFO 208532 --- [http-nio-8080-exec-3] c.e.d.controller.login.LoginController   : 进入欢迎页面
2018-09-27 15:07:38.205  INFO 208532 --- [http-nio-8080-exec-3] c.e.d.controller.login.LoginController   : 访问结束,欢迎再来
2018-09-27 15:08:59.370  INFO 208532 --- [Thread-32] ConfigServletWebServerApplicationContext : Closing org.springframework.boot.web.servlet.context.AnnotationConfigServletWebServerApplicationContext@5c3532a4: startup date [Thu Sep 27 15:07:29 CST 2018]; root of context hierarchy
2018-09-27 15:08:59.374  INFO 208532 --- [Thread-32] o.s.j.e.a.AnnotationMBeanExporter        : Unregistering JMX-exposed beans on shutdown
